2022-11-15 16:09:23,943 [Logger][WARNING ] - this is a WARNING message - (test_logger.py:175)
2022-11-15 16:09:23,943 [Watcher][INFO    ] - Watcher: print_something(('hello', 'world'), {}) - (test_logger.py:89)
2022-11-15 16:09:46,246 [Watcher][WARNING ] - this is a WARNING message - (test_logger.py:179)
2022-11-15 16:09:46,248 [Watcher][INFO    ] - Watcher: print_something(('hello', 'world'), {}) - (test_logger.py:89)
2022-11-15 16:09:46,248 [Watcher][CRITICAL] - this is a CRITICAL message - (test_logger.py:187)
2022-11-15 16:10:18,145 [Watcher][WARNING ] - this is a WARNING message - (test_logger.py:179)
2022-11-15 16:10:18,146 [Watcher][INFO    ] - Watcher: print_something(('hello', 'world'), {}) - (test_logger.py:89)
2022-11-15 16:10:18,149 [Watcher][CRITICAL] - this is a CRITICAL message - (test_logger.py:187)
2022-11-15 16:10:49,256 [Watcher][WARNING ] - this is a WARNING message - (test_logger.py:181)
2022-11-15 16:10:49,257 [Watcher][INFO    ] - Watcher: print_something(('hello', 'world'), {}) - (test_logger.py:90)
2022-11-15 16:10:49,260 [Watcher][CRITICAL] - this is a CRITICAL message - (test_logger.py:189)
2022-11-15 16:11:22,658 [Watcher][WARNING ] - this is a WARNING message - (test_logger.py:181)
2022-11-15 16:11:22,659 [Watcher][INFO    ] - Watcher: print_something(('hello', 'world'), {}) - (test_logger.py:90)
2022-11-15 16:11:22,659 [Watcher][INFO    ] - hello world - (test_logger.py:173)
2022-11-15 16:11:22,659 [Watcher][CRITICAL] - this is a CRITICAL message - (test_logger.py:189)
2022-11-15 16:11:27,012 [Watcher][WARNING ] - this is a WARNING message - (test_logger.py:181)
2022-11-15 16:11:27,012 [Watcher][INFO    ] - Watcher: print_something(('hello', 'world'), {}) - (test_logger.py:90)
2022-11-15 16:11:27,012 [Watcher][INFO    ] - hello world - (test_logger.py:173)
2022-11-15 16:11:27,012 [Watcher][CRITICAL] - this is a CRITICAL message - (test_logger.py:189)
2022-11-15 16:11:55,492 [Watcher][WARNING ] - this is a WARNING message - (test_logger.py:181)
2022-11-15 16:11:55,492 [Watcher][INFO    ] - Call: print_something(('hello', 'world'), {}) - (test_logger.py:90)
2022-11-15 16:11:55,492 [Watcher][INFO    ] - hello world - (test_logger.py:173)
2022-11-15 16:11:55,492 [Watcher][CRITICAL] - this is a CRITICAL message - (test_logger.py:189)
2022-11-15 16:12:33,637 [Watcher][WARNING ] - this is a WARNING message - (test_logger.py:181)
2022-11-15 16:12:33,638 [Watcher][INFO    ] - Call: print_something(('hello', 'world'), {}) - (test_logger.py:90)
2022-11-15 16:12:33,638 [Watcher][INFO    ] - hello world - (test_logger.py:173)
2022-11-15 16:12:33,638 [Watcher][CRITICAL] - this is a CRITICAL message - (test_logger.py:189)
2022-11-15 16:13:15,070 [Watcher][WARNING ] - this is a WARNING message - (test_logger.py:180)
2022-11-15 16:13:15,071 [Watcher][INFO    ] - Call: print_something(('hello', 'world'), {}) - (test_logger.py:90)
2022-11-15 16:13:15,071 [Logger][INFO    ] - hello world - (test_logger.py:172)
2022-11-15 16:13:15,071 [Logger][CRITICAL] - this is a CRITICAL message - (test_logger.py:188)
2022-11-15 16:14:16,236 [Logger][WARNING ] - this is a WARNING message - (test_logger.py:181)
2022-11-15 16:14:16,237 [Watcher][INFO    ] - Call: print_something(('hello', 'world'), {}) - (test_logger.py:90)
2022-11-15 16:14:16,237 [Logger][INFO    ] - hello world - (test_logger.py:173)
2022-11-15 16:14:16,237 [Logger][CRITICAL] - this is a CRITICAL message - (test_logger.py:189)
